<?xml version="1.0" encoding="UTF-8" standalone="no"?>
<testsuite errors="0" failures="0" name="io.cucumber.core.plugin.JUnitFormatter" skipped="0" tests="1" time="8.162">
<testcase classname="logout feature" name="check logout with logged in user" time="8.016">
<system-out><![CDATA[Given user is on login page.................................................passed
When user enters login username as "admin"..................................passed
And user enters login password as "admin"...................................passed
And user clicks on login button.............................................passed
Then user is navigated to the home page.....................................passed
When user clicks on logout button...........................................passed
Then account has logged out.................................................passed
]]></system-out>
</testcase>
</testsuite>
